<?xml version="1.0" encoding="UTF-8"?>
<!-- Generated by org.testng.reporters.JUnitReportReporter -->
<testsuite name="com.testin.Devqagetmethod" tests="1" time="3.775" ignored="0" failures="0" timestamp="30 Apr 2022 18:34:09 GMT" skipped="0" hostname="DESKTOP-J8FFJ5G" errors="0">
  <testcase name="getRequest" time="3.775" classname="com.testin.Devqagetmethod"/>
</testsuite> <!-- com.testin.Devqagetmethod -->
